#
# There is insufficient memory for the Java Runtime Environment to continue.
# Native memory allocation (malloc) failed to allocate 1048576 bytes for AllocateHeap
# Possible reasons:
#   The system is out of physical RAM or swap space
#   The process is running with CompressedOops enabled, and the Java Heap may be blocking the growth of the native heap
# Possible solutions:
#   Reduce memory load on the system
#   Increase physical memory or swap space
#   Check if swap backing store is full
#   Decrease Java heap size (-Xmx/-Xms)
#   Decrease number of Java threads
#   Decrease Java thread stack sizes (-Xss)
#   Set larger code cache with -XX:ReservedCodeCacheSize=
#   JVM is running with Zero Based Compressed Oops mode in which the Java heap is
#     placed in the first 32GB address space. The Java Heap base address is the
#     maximum limit for the native heap growth. Please use -XX:HeapBaseMinAddress
#     to set the Java Heap base and to place the Java Heap above 32GB virtual address.
# This output file may be truncated or incomplete.
#
#  Out of Memory Error (memory/allocation.inline.hpp:61), pid=18500, tid=0x00000000000013f8
#
# JRE version:  (8.0_333-b02) (build )
# Java VM: Java HotSpot(TM) 64-Bit Server VM (25.333-b02 mixed mode windows-amd64 compressed oops)
# Failed to write core dump. Minidumps are not enabled by default on client versions of Windows
#

---------------  T H R E A D  ---------------

Current thread (0x000001c21a271000):  JavaThread "Unknown thread" [_thread_in_vm, id=5112, stack(0x000000140ca00000,0x000000140cb00000)]

Stack: [0x000000140ca00000,0x000000140cb00000]
Native frames: (J=compiled Java code, j=interpreted, Vv=VM code, C=native code)
V  [jvm.dll+0x32fc49]
V  [jvm.dll+0x2761a2]
V  [jvm.dll+0x276e4d]
V  [jvm.dll+0x26d7f5]
V  [jvm.dll+0x509d]
V  [jvm.dll+0x3d43b3]
V  [jvm.dll+0x3d4dc8]
V  [jvm.dll+0xfd2ff]
V  [jvm.dll+0x20a8eb]
V  [jvm.dll+0x239417]
V  [jvm.dll+0x162e26]
C  [java.exe+0x2312]
C  [java.exe+0x15f54]
C  [KERNEL32.DLL+0x1244d]
C  [ntdll.dll+0x5dfb8]


---------------  P R O C E S S  ---------------

Java Threads: ( => current thread )

Other Threads:

=>0x000001c21a271000 (exited) JavaThread "Unknown thread" [_thread_in_vm, id=5112, stack(0x000000140ca00000,0x000000140cb00000)]

VM state:not at safepoint (normal execution)

VM Mutex/Monitor currently owned by a thread: None

heap address: 0x00000006c1e00000, size: 4066 MB, Compressed Oops mode: Zero based, Oop shift amount: 3
Narrow klass base: 0x0000000000000000, Narrow klass shift: 3
Compressed class space size: 1073741824 Address: 0x00000007c0000000

Heap:
 PSYoungGen      total 76288K, used 1310K [0x000000076b500000, 0x0000000770a00000, 0x00000007c0000000)
  eden space 65536K, 2% used [0x000000076b500000,0x000000076b647af0,0x000000076f500000)
  from space 10752K, 0% used [0x000000076ff80000,0x000000076ff80000,0x0000000770a00000)
  to   space 10752K, 0% used [0x000000076f500000,0x000000076f500000,0x000000076ff80000)
 ParOldGen       total 175104K, used 0K [0x00000006c1e00000, 0x00000006cc900000, 0x000000076b500000)
  object space 175104K, 0% used [0x00000006c1e00000,0x00000006c1e00000,0x00000006cc900000)
 Metaspace       used 778K, capacity 4480K, committed 4480K, reserved 1056768K
  class space    used 76K, capacity 384K, committed 384K, reserved 1048576K

Card table byte_map: [0x000001c22b050000,0x000001c22b850000] byte_map_base: 0x000001c227a41000

Marking Bits: (ParMarkBitMap*) 0x000000006b5f9030
 Begin Bits: [0x000001c22bda0000, 0x000001c22fd28000)
 End Bits:   [0x000001c22fd28000, 0x000001c233cb0000)

Polling page: 0x000001c21a210000

CodeCache: size=245760Kb used=329Kb max_used=329Kb free=245430Kb
 bounds [0x000001c21bc90000, 0x000001c21bf00000, 0x000001c22ac90000]
 total_blobs=58 nmethods=0 adapters=38
 compilation: enabled

Compilation events (0 events):
No events

GC Heap History (0 events):
No events

Deoptimization events (0 events):
No events

Classes redefined (0 events):
No events

Internal exceptions (0 events):
No events

Events (10 events):
Event: 0.026 loading class java/lang/Short
Event: 0.026 loading class java/lang/Short done
Event: 0.026 loading class java/lang/Integer
Event: 0.026 loading class java/lang/Integer done
Event: 0.026 loading class java/lang/Long
Event: 0.026 loading class java/lang/Long done
Event: 0.027 loading class java/lang/NullPointerException
Event: 0.027 loading class java/lang/NullPointerException done
Event: 0.027 loading class java/lang/ArithmeticException
Event: 0.027 loading class java/lang/ArithmeticException done


Dynamic libraries:
0x00007ff60ab10000 - 0x00007ff60ab57000 	D:\Environment\jdk8\jdk1.8\bin\java.exe
0x00007ffcb2e30000 - 0x00007ffcb3044000 	C:\WINDOWS\SYSTEM32\ntdll.dll
0x00007ffcb1f40000 - 0x00007ffcb2002000 	C:\WINDOWS\System32\KERNEL32.DLL
0x00007ffcb0260000 - 0x00007ffcb05fd000 	C:\WINDOWS\System32\KERNELBASE.dll
0x00007ffcb1e60000 - 0x00007ffcb1f0e000 	C:\WINDOWS\System32\ADVAPI32.dll
0x00007ffcb20d0000 - 0x00007ffcb2177000 	C:\WINDOWS\System32\msvcrt.dll
0x00007ffcb2a70000 - 0x00007ffcb2b14000 	C:\WINDOWS\System32\sechost.dll
0x00007ffcb28d0000 - 0x00007ffcb29e5000 	C:\WINDOWS\System32\RPCRT4.dll
0x00007ffcb2bc0000 - 0x00007ffcb2d6a000 	C:\WINDOWS\System32\USER32.dll
0x00007ffcb0c00000 - 0x00007ffcb0c26000 	C:\WINDOWS\System32\win32u.dll
0x00007ffcb1f10000 - 0x00007ffcb1f39000 	C:\WINDOWS\System32\GDI32.dll
0x00007ffcb0ae0000 - 0x00007ffcb0bf2000 	C:\WINDOWS\System32\gdi32full.dll
0x00007ffcb0720000 - 0x00007ffcb07ba000 	C:\WINDOWS\System32\msvcp_win.dll
0x00007ffcb0600000 - 0x00007ffcb0711000 	C:\WINDOWS\System32\ucrtbase.dll
0x00007ffc95a50000 - 0x00007ffc95cde000 	C:\WINDOWS\WinSxS\amd64_microsoft.windows.common-controls_6595b64144ccf1df_6.0.22621.608_none_a9444ca7c10bb01d\COMCTL32.dll
0x00007ffcb1e20000 - 0x00007ffcb1e52000 	C:\WINDOWS\System32\IMM32.DLL
0x00007ffc9c7b0000 - 0x00007ffc9c7c5000 	D:\Environment\jdk8\jdk1.8\jre\bin\vcruntime140.dll
0x00007ffc88840000 - 0x00007ffc888db000 	D:\Environment\jdk8\jdk1.8\jre\bin\msvcp140.dll
0x000000006ae10000 - 0x000000006b671000 	D:\Environment\jdk8\jdk1.8\jre\bin\server\jvm.dll
0x00007ffcb1870000 - 0x00007ffcb1878000 	C:\WINDOWS\System32\PSAPI.DLL
0x00007ffca2320000 - 0x00007ffca232a000 	C:\WINDOWS\SYSTEM32\VERSION.dll
0x00007ffcaa250000 - 0x00007ffcaa259000 	C:\WINDOWS\SYSTEM32\WSOCK32.dll
0x00007ffca94d0000 - 0x00007ffca9504000 	C:\WINDOWS\SYSTEM32\WINMM.dll
0x00007ffcb29f0000 - 0x00007ffcb2a61000 	C:\WINDOWS\System32\WS2_32.dll
0x00007ffcaf370000 - 0x00007ffcaf388000 	C:\WINDOWS\SYSTEM32\kernel.appcore.dll
0x00007ffca0ba0000 - 0x00007ffca0bb0000 	D:\Environment\jdk8\jdk1.8\jre\bin\verify.dll
0x00007ffc9c780000 - 0x00007ffc9c7ab000 	D:\Environment\jdk8\jdk1.8\jre\bin\java.dll
0x00007ffc9b2d0000 - 0x00007ffc9b300000 	D:\Environment\jdk8\jdk1.8\jre\bin\instrument.dll
0x00007ffc9ba50000 - 0x00007ffc9ba68000 	D:\Environment\jdk8\jdk1.8\jre\bin\zip.dll
0x00007ffcadcd0000 - 0x00007ffcadefe000 	C:\WINDOWS\SYSTEM32\dbghelp.dll
0x00007ffcb22a0000 - 0x00007ffcb262a000 	C:\WINDOWS\System32\combase.dll
0x00007ffcb1770000 - 0x00007ffcb1847000 	C:\WINDOWS\System32\OLEAUT32.dll
0x00007ffcb0a60000 - 0x00007ffcb0adb000 	C:\WINDOWS\System32\bcryptPrimitives.dll

VM Arguments:
jvm_args: -XX:TieredStopAtLevel=1 -Xverify:none -Dspring.output.ansi.enabled=always -Dcom.sun.management.jmxremote -Dspring.jmx.enabled=true -Dspring.liveBeansView.mbeanDomain -Dspring.application.admin.enabled=true -javaagent:D:\Software\IDEA\IntelliJ IDEA 2021.3.3\lib\idea_rt.jar=65497:D:\Software\IDEA\IntelliJ IDEA 2021.3.3\bin -Dfile.encoding=UTF-8 
java_command: com.uniobh.yoho.YoHo
java_class_path (initial): D:\Environment\jdk8\jdk1.8\jre\lib\charsets.jar;D:\Environment\jdk8\jdk1.8\jre\lib\deploy.jar;D:\Environment\jdk8\jdk1.8\jre\lib\ext\access-bridge-64.jar;D:\Environment\jdk8\jdk1.8\jre\lib\ext\cldrdata.jar;D:\Environment\jdk8\jdk1.8\jre\lib\ext\dnsns.jar;D:\Environment\jdk8\jdk1.8\jre\lib\ext\jaccess.jar;D:\Environment\jdk8\jdk1.8\jre\lib\ext\jfxrt.jar;D:\Environment\jdk8\jdk1.8\jre\lib\ext\localedata.jar;D:\Environment\jdk8\jdk1.8\jre\lib\ext\nashorn.jar;D:\Environment\jdk8\jdk1.8\jre\lib\ext\sunec.jar;D:\Environment\jdk8\jdk1.8\jre\lib\ext\sunjce_provider.jar;D:\Environment\jdk8\jdk1.8\jre\lib\ext\sunmscapi.jar;D:\Environment\jdk8\jdk1.8\jre\lib\ext\sunpkcs11.jar;D:\Environment\jdk8\jdk1.8\jre\lib\ext\zipfs.jar;D:\Environment\jdk8\jdk1.8\jre\lib\javaws.jar;D:\Environment\jdk8\jdk1.8\jre\lib\jce.jar;D:\Environment\jdk8\jdk1.8\jre\lib\jfr.jar;D:\Environment\jdk8\jdk1.8\jre\lib\jfxswt.jar;D:\Environment\jdk8\jdk1.8\jre\lib\jsse.jar;D:\Environment\jdk8\jdk1.8\jre\lib\management-agent.jar;D:\Environment\jdk8\jdk1.8\jre\lib\plugin.jar;D:\Environment\jdk8\jdk1.8\jre\lib\resources.jar;D:\Environment\jdk8\jdk1.8\jre\lib\rt.jar;E:\Learn\Code\Project\YoHo\backend\target\classes;E:\Learn\maven-repo\org\springframework\boot\spring-boot-starter-web\2.7.0\spring-boot-starter-web-2.7.0.jar;E:\Learn\maven-repo\org\springframework\boot\spring-boot-starter-json\2.7.0\spring-boot-starter-json-2.7.0.jar;E:\Learn\maven-repo\com\fasterxml\jackson\datatype\jackson-datatype-jdk8\2.13.3\jackson-datatype-jdk8-2.13.3.jar;E:\Learn\maven-repo\com\fasterxml\jackson\datatype\jackson-datatype-jsr310\2.13.3\jackson-datatype-jsr310-2.13.3.jar;E:\Learn\maven-repo\com\fasterxml\jackson\module\jackson-module-parameter-names\2.13.3\jackson-module-parameter-names-2.13.3.jar;E:\Learn\maven-repo\org\springframework\boot\spring-boot-starter-tomcat\2.7.0\spring-boot-starter-tomcat-2.7.0.jar;E:\Learn\maven-repo\org\apache\tomcat\embed\tomcat-embed-core\9.0.63\tomcat-embed-core-9.
Launcher Type: SUN_STANDARD

Environment Variables:
JAVA_HOME=D:\Environment\jdk8\jdk1.8
PATH=D:\Software\VMware\bin\;C:\WINDOWS\system32;C:\WINDOWS;C:\WINDOWS\System32\Wbem;C:\WINDOWS\System32\WindowsPowerShell\v1.0\;C:\WINDOWS\System32\OpenSSH\;D:\Software\XShell\;D:\Environment\Node\;D:\Environment\Maven\apache-maven-3.8.5\bin;D:\Environment\Tomcat\9.0.63\apache-tomcat-9.0.63\bin;D:\Environment\jdk8\jdk1.8\bin;D:\Environment\jdk8\jdk1.8\jre\bin;D:\Environment\MySQL\mysql-8.0.29-winx64\bin;D:\Environment\MySQL\mysql-8.0.29-winx64;D:\Software\Xftp\;D:\Environment\Git\Git\bin;C:\Users\23249\AppData\Local\Programs\Python\Python310\Scripts\;C:\Users\23249\AppData\Local\Programs\Python\Python310\;C:\Users\23249\AppData\Local\Microsoft\WindowsApps;D:\Software\VSCode\Microsoft VS Code\bin;C:\Users\23249\AppData\Roaming\npm;E:\link;D:\Environment\python;
USERNAME=23249
OS=Windows_NT
PROCESSOR_IDENTIFIER=Intel64 Family 6 Model 158 Stepping 10, GenuineIntel



---------------  S Y S T E M  ---------------

OS: Windows 11 , 64 bit Build 22621 (10.0.22621.755)

CPU:total 12 (initial active 12) (6 cores per cpu, 2 threads per core) family 6 model 158 stepping 10, cmov, cx8, fxsr, mmx, sse, sse2, sse3, ssse3, sse4.1, sse4.2, popcnt, avx, avx2, aes, clmul, erms, 3dnowpref, lzcnt, ht, tsc, tscinvbit, bmi1, bmi2, adx

Memory: 4k page, physical 16647476k(867432k free), swap 64895664k(6348k free)

vm_info: Java HotSpot(TM) 64-Bit Server VM (25.333-b02) for windows-amd64 JRE (1.8.0_333-b02), built on Apr 25 2022 22:49:11 by "java_re" with MS VC++ 15.9 (VS2017)

time: Fri Nov 18 15:19:11 2022
timezone: 中国标准时间
elapsed time: 0.060896 seconds (0d 0h 0m 0s)

